build/app/outputs/mapping/release/mapping.txt
# compiler: R8
# compiler_version: 1.5.64
# min_api: 21
# pg_map_id: 58aaec5
com.yassir.tanamanhias.MainActivity -> com.yassir.tanamanhias.MainActivity:
    void configureFlutterEngine(io.flutter.embedding.engine.FlutterEngine) -> a
...
io.flutter.plugins.imagepicker.ExifDataCopier -> io.flutter.plugins.imagepicker.b:
    void copyExif(java.lang.String,java.lang.String) -> a
    void setIfNotNull(android.media.ExifInterface,android.media.ExifInterface,java.lang.String) -> a
io.flutter.plugins.imagepicker.FileUtils -> io.flutter.plugins.imagepicker.c:
    void copy(java.io.InputStream,java.io.OutputStream) -> a
    java.lang.String getImageExtension(android.net.Uri) -> a
    java.lang.String getPathFromUri(android.content.Context,android.net.Uri) -> a
io.flutter.plugins.imagepicker.ImagePickerCache -> io.flutter.plugins.imagepicker.d:
    android.content.SharedPreferences prefs -> a
    void clear() -> a
    void saveDimensionWithMethodCall(io.flutter.plugin.common.MethodCall) -> a
    void savePendingCameraMediaUriPath(android.net.Uri) -> a
    void saveResult(java.lang.String,java.lang.String,java.lang.String) -> a
    void saveTypeWithMethodCallName(java.lang.String) -> a
    void setMaxDimension(java.lang.Double,java.lang.Double,int) -> a
    java.util.Map getCacheMap() -> b
    void setType(java.lang.String) -> b
    java.lang.String retrievePendingCameraMediaUriPath() -> c
io.flutter.plugins.imagepicker.ImagePickerDelegate -> io.flutter.plugins.imagepicker.e:
    java.io.File externalFilesDirectory -> c
    io.flutter.plugins.imagepicker.ImagePickerDelegate$FileUriResolver fileUriResolver -> h
    io.flutter.plugin.common.MethodCall methodCall -> m
    io.flutter.plugins.imagepicker.ImagePickerDelegate$IntentResolver intentResolver -> g
    android.net.Uri pendingCameraMediaUri -> k
    io.flutter.plugins.imagepicker.ImageResizer imageResizer -> d
    io.flutter.plugins.imagepicker.CameraDevice cameraDevice -> j
    io.flutter.plugins.imagepicker.ImagePickerCache cache -> e
    io.flutter.plugin.common.MethodChannel$Result pendingResult -> l
    java.lang.String fileProviderName -> a
    io.flutter.plugins.imagepicker.ImagePickerDelegate$PermissionManager permissionManager -> f
    io.flutter.plugins.imagepicker.FileUtils fileUtils -> i
    android.app.Activity activity -> b
    void access$000(io.flutter.plugins.imagepicker.ImagePickerDelegate,java.lang.String,boolean) -> a
    void access$100(io.flutter.plugins.imagepicker.ImagePickerDelegate,java.lang.String) -> a
    void chooseImageFromGallery(io.flutter.plugin.common.MethodCall,io.flutter.plugin.common.MethodChannel$Result) -> a
    java.io.File createTemporaryWritableFile(java.lang.String) -> a
    void finishWithError(java.lang.String,java.lang.String) -> a
    void grantUriPermissions(android.content.Intent,android.net.Uri) -> a
    void handleCaptureImageResult(int) -> a
io.flutter.plugins.imagepicker.ImagePickerDelegate$1 -> io.flutter.plugins.imagepicker.e$a:
    android.app.Activity val$activity -> a
    void askForPermission(java.lang.String,int) -> a
    boolean isPermissionGranted(java.lang.String) -> a
    boolean needRequestCameraPermission() -> a
io.flutter.plugins.imagepicker.ImagePickerDelegate$2 -> io.flutter.plugins.imagepicker.e$b:
    android.app.Activity val$activity -> a
    boolean resolveActivity(android.content.Intent) -> a
io.flutter.plugins.imagepicker.ImagePickerDelegate$3 -> io.flutter.plugins.imagepicker.e$c:
    android.app.Activity val$activity -> a
    void getFullImagePath(android.net.Uri,io.flutter.plugins.imagepicker.ImagePickerDelegate$OnPathReadyListener) -> a
    android.net.Uri resolveFileProviderUriForFile(java.lang.String,java.io.File) -> a
io.flutter.plugins.imagepicker.ImagePickerDelegate$3$1 -> io.flutter.plugins.imagepicker.e$c$a:
    io.flutter.plugins.imagepicker.ImagePickerDelegate$OnPathReadyListener val$listener -> a
io.flutter.plugins.imagepicker.ImagePickerDelegate$4 -> io.flutter.plugins.imagepicker.e$d:
    io.flutter.plugins.imagepicker.ImagePickerDelegate this$0 -> a
    void onPathReady(java.lang.String) -> a